0 info it worked if it ends with ok
1 verbose cli [ '/usr/local/bin/node', '/usr/local/bin/npm', 'install' ]
2 info using npm@3.10.8
3 info using node@v6.9.1
4 silly loadCurrentTree Starting
5 silly install loadCurrentTree
6 silly install readLocalPackageData
7 silly install normalizeTree
8 silly loadCurrentTree Finishing
9 silly loadIdealTree Starting
10 silly install loadIdealTree
11 silly cloneCurrentTree Starting
12 silly install cloneCurrentTreeToIdealTree
13 silly cloneCurrentTree Finishing
14 silly loadShrinkwrap Starting
15 silly install loadShrinkwrap
16 silly loadShrinkwrap Finishing
17 silly loadAllDepsIntoIdealTree Starting
18 silly install loadAllDepsIntoIdealTree
19 silly fetchNamedPackageData materialize-css
20 silly mapToRegistry name materialize-css
21 silly mapToRegistry using default registry
22 silly mapToRegistry registry https://registry.npmjs.org/
23 silly mapToRegistry data Result {
23 silly mapToRegistry   raw: 'materialize-css',
23 silly mapToRegistry   scope: null,
23 silly mapToRegistry   escapedName: 'materialize-css',
23 silly mapToRegistry   name: 'materialize-css',
23 silly mapToRegistry   rawSpec: '',
23 silly mapToRegistry   spec: 'latest',
23 silly mapToRegistry   type: 'tag' }
24 silly mapToRegistry uri https://registry.npmjs.org/materialize-css
25 verbose request uri https://registry.npmjs.org/materialize-css
26 verbose request no auth needed
27 info attempt registry request try #1 at 10:03:47 AM
28 verbose request id 7cc832b0ebb948be
29 verbose etag W/"5816615d-5244"
30 verbose lastModified Sun, 30 Oct 2016 21:08:45 GMT
31 http request GET https://registry.npmjs.org/materialize-css
32 http 304 https://registry.npmjs.org/materialize-css
33 verbose headers { date: 'Thu, 01 Dec 2016 18:03:47 GMT',
33 verbose headers   via: '1.1 varnish',
33 verbose headers   'cache-control': 'max-age=300',
33 verbose headers   etag: 'W/"5816615d-5244"',
33 verbose headers   age: '0',
33 verbose headers   connection: 'keep-alive',
33 verbose headers   'x-served-by': 'cache-sea1925-SEA',
33 verbose headers   'x-cache': 'MISS',
33 verbose headers   'x-cache-hits': '0',
33 verbose headers   'x-timer': 'S1480615427.632318,VS0,VE8',
33 verbose headers   vary: 'Accept-Encoding' }
34 silly get cb [ 304,
34 silly get   { date: 'Thu, 01 Dec 2016 18:03:47 GMT',
34 silly get     via: '1.1 varnish',
34 silly get     'cache-control': 'max-age=300',
34 silly get     etag: 'W/"5816615d-5244"',
34 silly get     age: '0',
34 silly get     connection: 'keep-alive',
34 silly get     'x-served-by': 'cache-sea1925-SEA',
34 silly get     'x-cache': 'MISS',
34 silly get     'x-cache-hits': '0',
34 silly get     'x-timer': 'S1480615427.632318,VS0,VE8',
34 silly get     vary: 'Accept-Encoding' } ]
35 verbose etag https://registry.npmjs.org/materialize-css from cache
36 verbose get saving materialize-css to /Users/saniyamazman/.npm/registry.npmjs.org/materialize-css/.cache.json
37 verbose correctMkdir /Users/saniyamazman/.npm correctMkdir not in flight; initializing
38 silly fetchNamedPackageData No valid target from cache, forcing network
39 verbose request uri https://registry.npmjs.org/materialize-css
40 verbose request no auth needed
41 info attempt registry request try #1 at 10:03:47 AM
42 http request GET https://registry.npmjs.org/materialize-css
43 http 200 https://registry.npmjs.org/materialize-css
44 verbose headers { server: 'nginx/1.10.1',
44 verbose headers   'content-type': 'application/json',
44 verbose headers   'last-modified': 'Sun, 30 Oct 2016 21:08:45 GMT',
44 verbose headers   etag: 'W/"5816615d-5244"',
44 verbose headers   'content-encoding': 'gzip',
44 verbose headers   'cache-control': 'max-age=300',
44 verbose headers   'content-length': '3548',
44 verbose headers   'accept-ranges': 'bytes',
44 verbose headers   date: 'Thu, 01 Dec 2016 18:03:47 GMT',
44 verbose headers   via: '1.1 varnish',
44 verbose headers   age: '0',
44 verbose headers   connection: 'keep-alive',
44 verbose headers   'x-served-by': 'cache-sea1925-SEA',
44 verbose headers   'x-cache': 'HIT',
44 verbose headers   'x-cache-hits': '1',
44 verbose headers   'x-timer': 'S1480615427.676681,VS0,VE0',
44 verbose headers   vary: 'Accept-Encoding' }
45 silly get cb [ 200,
45 silly get   { server: 'nginx/1.10.1',
45 silly get     'content-type': 'application/json',
45 silly get     'last-modified': 'Sun, 30 Oct 2016 21:08:45 GMT',
45 silly get     etag: 'W/"5816615d-5244"',
45 silly get     'content-encoding': 'gzip',
45 silly get     'cache-control': 'max-age=300',
45 silly get     'content-length': '3548',
45 silly get     'accept-ranges': 'bytes',
45 silly get     date: 'Thu, 01 Dec 2016 18:03:47 GMT',
45 silly get     via: '1.1 varnish',
45 silly get     age: '0',
45 silly get     connection: 'keep-alive',
45 silly get     'x-served-by': 'cache-sea1925-SEA',
45 silly get     'x-cache': 'HIT',
45 silly get     'x-cache-hits': '1',
45 silly get     'x-timer': 'S1480615427.676681,VS0,VE0',
45 silly get     vary: 'Accept-Encoding' } ]
46 verbose get saving materialize-css to /Users/saniyamazman/.npm/registry.npmjs.org/materialize-css/.cache.json
47 verbose correctMkdir /Users/saniyamazman/.npm correctMkdir not in flight; initializing
48 silly fetchPackageMetaData Error: No compatible version found: materialize-css@^1.0.0
48 silly fetchPackageMetaData Valid install targets:
48 silly fetchPackageMetaData 0.97.8, 0.97.7, 0.97.6, 0.97.5, 0.97.4, 0.97.3, 0.97.2, 0.97.1, 0.96.1, 0.95.3
48 silly fetchPackageMetaData
48 silly fetchPackageMetaData     at pickVersionFromRegistryDocument (/usr/local/lib/node_modules/npm/lib/fetch-package-metadata.js:178:16)
48 silly fetchPackageMetaData     at /usr/local/lib/node_modules/npm/node_modules/iferr/index.js:13:50
48 silly fetchPackageMetaData     at /usr/local/lib/node_modules/npm/lib/utils/pulse-till-done.js:20:8
48 silly fetchPackageMetaData     at saved (/usr/local/lib/node_modules/npm/lib/cache/caching-client.js:174:7)
48 silly fetchPackageMetaData     at /usr/local/lib/node_modules/npm/node_modules/graceful-fs/polyfills.js:233:18
48 silly fetchPackageMetaData     at FSReqWrap.oncomplete (fs.js:123:15)
48 silly fetchPackageMetaData  error for materialize-css@^1.0.0 { Error: No compatible version found: materialize-css@^1.0.0
48 silly fetchPackageMetaData Valid install targets:
48 silly fetchPackageMetaData 0.97.8, 0.97.7, 0.97.6, 0.97.5, 0.97.4, 0.97.3, 0.97.2, 0.97.1, 0.96.1, 0.95.3
48 silly fetchPackageMetaData
48 silly fetchPackageMetaData     at pickVersionFromRegistryDocument (/usr/local/lib/node_modules/npm/lib/fetch-package-metadata.js:178:16)
48 silly fetchPackageMetaData     at /usr/local/lib/node_modules/npm/node_modules/iferr/index.js:13:50
48 silly fetchPackageMetaData     at /usr/local/lib/node_modules/npm/lib/utils/pulse-till-done.js:20:8
48 silly fetchPackageMetaData     at saved (/usr/local/lib/node_modules/npm/lib/cache/caching-client.js:174:7)
48 silly fetchPackageMetaData     at /usr/local/lib/node_modules/npm/node_modules/graceful-fs/polyfills.js:233:18
48 silly fetchPackageMetaData     at FSReqWrap.oncomplete (fs.js:123:15) code: 'ETARGET' }
49 silly rollbackFailedOptional Starting
50 silly rollbackFailedOptional Finishing
51 silly runTopLevelLifecycles Finishing
52 silly install printInstalled
53 verbose stack Error: No compatible version found: materialize-css@^1.0.0
53 verbose stack Valid install targets:
53 verbose stack 0.97.8, 0.97.7, 0.97.6, 0.97.5, 0.97.4, 0.97.3, 0.97.2, 0.97.1, 0.96.1, 0.95.3
53 verbose stack
53 verbose stack     at pickVersionFromRegistryDocument (/usr/local/lib/node_modules/npm/lib/fetch-package-metadata.js:178:16)
53 verbose stack     at /usr/local/lib/node_modules/npm/node_modules/iferr/index.js:13:50
53 verbose stack     at /usr/local/lib/node_modules/npm/lib/utils/pulse-till-done.js:20:8
53 verbose stack     at saved (/usr/local/lib/node_modules/npm/lib/cache/caching-client.js:174:7)
53 verbose stack     at /usr/local/lib/node_modules/npm/node_modules/graceful-fs/polyfills.js:233:18
53 verbose stack     at FSReqWrap.oncomplete (fs.js:123:15)
54 verbose cwd /Users/saniyamazman/INFO343/Final/final_project/src
55 error Darwin 15.6.0
56 error argv "/usr/local/bin/node" "/usr/local/bin/npm" "install"
57 error node v6.9.1
58 error npm  v3.10.8
59 error code ETARGET
60 error notarget No compatible version found: materialize-css@^1.0.0
60 error notarget Valid install targets:
60 error notarget 0.97.8, 0.97.7, 0.97.6, 0.97.5, 0.97.4, 0.97.3, 0.97.2, 0.97.1, 0.96.1, 0.95.3
61 error notarget This is most likely not a problem with npm itself.
61 error notarget In most cases you or one of your dependencies are requesting
61 error notarget a package version that doesn't exist.
61 error notarget
61 error notarget It was specified as a dependency of 'twip'
62 verbose exit [ 1, true ]
